2020-04-01 10:05:19,496 ERROR [Worker-20: Creating project "pactTesting"] - System.err - [org.eclipse.jdt.launching] error can't determine implemented interfaces of missing type org.eclipse.jdt.internal.core.manipulation.JavaElementLabelComposerCore
 [Xlint:cantFindType]
2020-04-01 10:05:21,060 ERROR [Worker-15: Building] - System.err - [org.eclipse.pde.ui] error can't determine implemented interfaces of missing type org.eclipse.jdt.internal.core.manipulation.JavaElementLabelComposerCore
 [Xlint:cantFindType]
2020-04-01 10:05:21,160 ERROR [Worker-15: Building] - System.err - log4j:WARN No appenders could be found for logger (org.eclipse.xtext.ui.internal.Activator).
2020-04-01 10:05:21,160 ERROR [Worker-15: Building] - System.err - log4j:WARN Please initialize the log4j system properly.
2020-04-01 10:12:36,415 ERROR [main] - System.err - [org.eclipse.jdt.debug] error can't determine implemented interfaces of missing type org.eclipse.jdt.internal.core.manipulation.JavaElementLabelComposerCore
 [Xlint:cantFindType]
2020-04-02 13:30:59,842 ERROR [main] - System.err - [org.eclipse.jdt.launching] error can't determine implemented interfaces of missing type org.eclipse.jdt.internal.core.manipulation.JavaElementLabelComposerCore
 [Xlint:cantFindType]
2020-04-02 13:31:05,212 ERROR [org.eclipse.jdt.internal.ui.text.JavaReconciler] - System.err - [org.eclipse.pde.ui] error can't determine implemented interfaces of missing type org.eclipse.jdt.internal.core.manipulation.JavaElementLabelComposerCore
 [Xlint:cantFindType]
2020-04-02 13:31:05,321 ERROR [org.eclipse.jdt.internal.ui.text.JavaReconciler] - System.err - log4j:WARN No appenders could be found for logger (org.eclipse.xtext.ui.internal.Activator).
2020-04-02 13:31:05,321 ERROR [org.eclipse.jdt.internal.ui.text.JavaReconciler] - System.err - log4j:WARN Please initialize the log4j system properly.
2020-04-02 13:31:57,122 ERROR [main] - System.err - [org.eclipse.jdt.debug] error can't determine implemented interfaces of missing type org.eclipse.jdt.internal.core.manipulation.JavaElementLabelComposerCore
 [Xlint:cantFindType]
2020-04-02 14:31:30,639 ERROR [Worker-50: Building] - System.err - org.eclipse.core.runtime.OperationCanceledException
2020-04-02 14:31:30,639 ERROR [Worker-50: Building] - System.err - at org.eclipse.core.runtime.SubMonitor.checkCanceled(SubMonitor.java:602)
2020-04-02 14:31:30,639 ERROR [Worker-50: Building] - System.err - at org.eclipse.core.internal.resources.Resource.refreshLocal(Resource.java:1544)
2020-04-02 14:31:30,639 ERROR [Worker-50: Building] - System.err - at org.sonatype.m2e.mavenarchiver.internal.AbstractMavenArchiverConfigurator.refresh(AbstractMavenArchiverConfigurator.java:254)
2020-04-02 14:31:30,640 ERROR [Worker-50: Building] - System.err - at org.sonatype.m2e.mavenarchiver.internal.AbstractMavenArchiverConfigurator.mavenProjectChanged(AbstractMavenArchiverConfigurator.java:226)
2020-04-02 14:31:30,640 ERROR [Worker-50: Building] - System.err - at org.sonatype.m2e.mavenarchiver.internal.AbstractMavenArchiverConfigurator.mavenProjectChanged(AbstractMavenArchiverConfigurator.java:213)
2020-04-02 14:31:30,640 ERROR [Worker-50: Building] - System.err - at org.eclipse.m2e.core.internal.project.ProjectConfigurationManager.mavenProjectChanged(ProjectConfigurationManager.java:1033)
2020-04-02 14:31:30,640 ERROR [Worker-50: Building] - System.err - at org.eclipse.m2e.core.internal.project.registry.ProjectRegistryManager.notifyProjectChangeListeners(ProjectRegistryManager.java:821)
2020-04-02 14:31:30,640 ERROR [Worker-50: Building] - System.err - at org.eclipse.m2e.core.internal.project.registry.ProjectRegistryManager.applyMutableProjectRegistry(ProjectRegistryManager.java:985)
2020-04-02 14:31:30,640 ERROR [Worker-50: Building] - System.err - at org.eclipse.m2e.core.internal.project.registry.ProjectRegistryManager.refresh(ProjectRegistryManager.java:314)
2020-04-02 14:31:30,640 ERROR [Worker-50: Building] - System.err - at org.eclipse.m2e.core.internal.builder.MavenBuilder$BuildMethod.getProjectFacade(MavenBuilder.java:151)
2020-04-02 14:31:30,640 ERROR [Worker-50: Building] - System.err - at org.eclipse.m2e.core.internal.builder.MavenBuilder$BuildMethod.lambda$0(MavenBuilder.java:89)
2020-04-02 14:31:30,640 ERROR [Worker-50: Building] - System.err - at org.eclipse.m2e.core.internal.embedder.MavenExecutionContext.executeBare(MavenExecutionContext.java:179)
2020-04-02 14:31:30,640 ERROR [Worker-50: Building] - System.err - at org.eclipse.m2e.core.internal.embedder.MavenExecutionContext.execute(MavenExecutionContext.java:153)
2020-04-02 14:31:30,640 ERROR [Worker-50: Building] - System.err - at org.eclipse.m2e.core.internal.embedder.MavenExecutionContext.execute(MavenExecutionContext.java:101)
2020-04-02 14:31:30,640 ERROR [Worker-50: Building] - System.err - at org.eclipse.m2e.core.internal.builder.MavenBuilder$BuildMethod.execute(MavenBuilder.java:88)
2020-04-02 14:31:30,640 ERROR [Worker-50: Building] - System.err - at org.eclipse.m2e.core.internal.builder.MavenBuilder.build(MavenBuilder.java:197)
2020-04-02 14:31:30,640 ERROR [Worker-50: Building] - System.err - at org.eclipse.core.internal.events.BuildManager$2.run(BuildManager.java:833)
2020-04-02 14:31:30,640 ERROR [Worker-50: Building] - System.err - at org.eclipse.core.runtime.SafeRunner.run(SafeRunner.java:45)
2020-04-02 14:31:30,640 ERROR [Worker-50: Building] - System.err - at org.eclipse.core.internal.events.BuildManager.basicBuild(BuildManager.java:220)
2020-04-02 14:31:30,640 ERROR [Worker-50: Building] - System.err - at org.eclipse.core.internal.events.BuildManager.basicBuild(BuildManager.java:263)
2020-04-02 14:31:30,640 ERROR [Worker-50: Building] - System.err - at org.eclipse.core.internal.events.BuildManager$1.run(BuildManager.java:316)
2020-04-02 14:31:30,640 ERROR [Worker-50: Building] - System.err - at org.eclipse.core.runtime.SafeRunner.run(SafeRunner.java:45)
2020-04-02 14:31:30,640 ERROR [Worker-50: Building] - System.err - at org.eclipse.core.internal.events.BuildManager.basicBuild(BuildManager.java:319)
2020-04-02 14:31:30,640 ERROR [Worker-50: Building] - System.err - at org.eclipse.core.internal.events.BuildManager.basicBuildLoop(BuildManager.java:371)
2020-04-02 14:31:30,640 ERROR [Worker-50: Building] - System.err - at org.eclipse.core.internal.events.BuildManager.build(BuildManager.java:392)
2020-04-02 14:31:30,640 ERROR [Worker-50: Building] - System.err - at org.eclipse.core.internal.events.AutoBuildJob.doBuild(AutoBuildJob.java:154)
2020-04-02 14:31:30,640 ERROR [Worker-50: Building] - System.err - at org.eclipse.core.internal.events.AutoBuildJob.run(AutoBuildJob.java:244)
2020-04-02 14:31:30,640 ERROR [Worker-50: Building] - System.err - at org.eclipse.core.internal.jobs.Worker.run(Worker.java:63)
2020-04-02 15:24:56,388 ERROR [main] - System.err - [org.eclipse.jdt.launching] error can't determine implemented interfaces of missing type org.eclipse.jdt.internal.core.manipulation.JavaElementLabelComposerCore
 [Xlint:cantFindType]
2020-04-02 15:25:07,946 ERROR [main] - System.err - [org.eclipse.jdt.debug] error can't determine implemented interfaces of missing type org.eclipse.jdt.internal.core.manipulation.JavaElementLabelComposerCore
 [Xlint:cantFindType]
2020-04-02 15:25:08,858 ERROR [org.eclipse.jdt.internal.ui.text.JavaReconciler] - System.err - [org.eclipse.pde.ui] error can't determine implemented interfaces of missing type org.eclipse.jdt.internal.core.manipulation.JavaElementLabelComposerCore
 [Xlint:cantFindType]
2020-04-02 15:25:08,951 ERROR [org.eclipse.jdt.internal.ui.text.JavaReconciler] - System.err - log4j:WARN No appenders could be found for logger (org.eclipse.xtext.ui.internal.Activator).
2020-04-02 15:25:08,951 ERROR [org.eclipse.jdt.internal.ui.text.JavaReconciler] - System.err - log4j:WARN Please initialize the log4j system properly.
